C51 COMPILER V9.56.0.0   BLCD                                                              06/15/2017 15:56:39 PAGE 1   


C51 COMPILER V9.56.0.0, COMPILATION OF MODULE BLCD
OBJECT MODULE PLACED IN .\Objects\blcd.obj
COMPILER INVOKED BY: C:\Keil_v5\C51\BIN\C51.EXE blcd.c OPTIMIZE(8,SPEED) BROWSE DEBUG OBJECTEXTEND PRINT(.\Listings\blcd
                    -.lst) TABS(2) OBJECT(.\Objects\blcd.obj)

line level    source

   1          #include<reg51.h>
   2          //sfr info=0x80;
   3          sbit RS=P2^0;
   4          sbit EN=P2^2;
   5          void cmdtolcd(unsigned char cmd);
   6          void datatolcd(unsigned char info);
   7          void delay(unsigned int x);
   8          
   9          void main(){
  10   1      //  unsigned int x;
  11   1        TMOD=0x20;
  12   1        TH1=0xFD;
  13   1        SCON=0x50;  
  14   1        TR1=1;  
  15   1        
  16   1        while(1){
  17   2          cmdtolcd(0x38);
  18   2          delay(50);
  19   2          cmdtolcd(0x0E);
  20   2          delay(80);
  21   2          cmdtolcd(0x01);
  22   2          delay(80);
  23   2          cmdtolcd(0x80); //to print in the second line the use 0xC0
  24   2          delay(80);
  25   2          
  26   2          while(RI==1){
  27   3          datatolcd(SBUF);
  28   3          RI=0;
  29   3          }
  30   2        }
  31   1      }
  32          
  33          void cmdtolcd(unsigned char cmd){
  34   1        P0=cmd;
  35   1        RS=0;
  36   1        EN=1;
  37   1        delay(1);
  38   1        EN=0;
  39   1      }
  40          void datatolcd(unsigned char info){
  41   1        P0= info;
  42   1        RS=1;
  43   1        EN=1;
  44   1        delay(1);
  45   1        EN=0;
  46   1      }
  47          
  48          void delay(unsigned int x){
  49   1        unsigned int i,j;
  50   1        for(i=0;i<x;i++)
  51   1        {
  52   2          for(j=0;j<1275;j++);
  53   2        }
  54   1      }
C51 COMPILER V9.56.0.0   BLCD                                                              06/15/2017 15:56:39 PAGE 2   



MODULE INFORMATION:   STATIC OVERLAYABLE
   CODE SIZE        =    127    ----
   CONSTANT SIZE    =   ----    ----
   XDATA SIZE       =   ----    ----
   PDATA SIZE       =   ----    ----
   DATA SIZE        =   ----    ----
   IDATA SIZE       =   ----    ----
   BIT SIZE         =   ----    ----
END OF MODULE INFORMATION.


C51 COMPILATION COMPLETE.  0 WARNING(S),  0 ERROR(S)
