C51 COMPILER V9.56.0.0   BLCD2                                                             06/15/2017 17:22:54 PAGE 1   


C51 COMPILER V9.56.0.0, COMPILATION OF MODULE BLCD2
OBJECT MODULE PLACED IN .\Objects\blcd2.obj
COMPILER INVOKED BY: C:\Keil_v5\C51\BIN\C51.EXE blcd2.c OPTIMIZE(8,SPEED) BROWSE DEBUG OBJECTEXTEND PRINT(.\Listings\blc
                    -d2.lst) TABS(2) OBJECT(.\Objects\blcd2.obj)

line level    source

   1          #include<reg51.h>
   2          //sfr info=0x80;
   3          sbit RS=P2^0;
   4          sbit EN=P2^2;
   5          void cmdtolcd(unsigned char cmd);
   6          void datatolcd(unsigned char info);
   7          void delay(unsigned int x);
   8          
   9          void main(){
  10   1        int i,k;
  11   1        char AR[10];
  12   1        
  13   1        while(1){
  14   2                TMOD=0x20;
  15   2            TH1=0xFD;
  16   2            SCON=0x50;
  17   2            TR1=1;
  18   2      
  19   2          cmdtolcd(0x38);
  20   2          delay(50);
  21   2          cmdtolcd(0x0E);
  22   2          delay(80);
  23   2          cmdtolcd(0x01);
  24   2          delay(80);
  25   2          cmdtolcd(0x80); //to print in the second line the use 0xC0
  26   2          
  27   2          
  28   2      
  29   2          datatolcd('1');
  30   2          delay(80);
  31   2          
  32   2          
  33   2          i=0;
  34   2          do{
  35   3            while(RI==0);
  36   3            AR[++i]=SBUF;
  37   3            RI=0;
  38   3          }while(AR[i-1]!='0');
  39   2          datatolcd('2');
  40   2          delay(80);
  41   2          for(k=0;k<i-1;k++){
  42   3          datatolcd(AR[i]);
  43   3          delay(100);
  44   3          }
  45   2          datatolcd('3');
  46   2          delay(80);
  47   2        }
  48   1      }
  49          
  50          void cmdtolcd(unsigned char cmd){
  51   1        P0=cmd;
  52   1        RS=0;
  53   1        EN=1;
  54   1        delay(1);
C51 COMPILER V9.56.0.0   BLCD2                                                             06/15/2017 17:22:54 PAGE 2   

  55   1        EN=0;
  56   1      }
  57          void datatolcd(unsigned char info){
  58   1        P0= info;
  59   1        RS=1;
  60   1        EN=1;
  61   1        delay(1);
  62   1        EN=0;
  63   1      }
  64          
  65          void delay(unsigned int x){
  66   1        unsigned int i,j;
  67   1        for(i=0;i<x;i++)
  68   1        {
  69   2          for(j=0;j<1275;j++);
  70   2        }
  71   1      }


MODULE INFORMATION:   STATIC OVERLAYABLE
   CODE SIZE        =    228    ----
   CONSTANT SIZE    =   ----    ----
   XDATA SIZE       =   ----    ----
   PDATA SIZE       =   ----    ----
   DATA SIZE        =   ----      14
   IDATA SIZE       =   ----    ----
   BIT SIZE         =   ----    ----
END OF MODULE INFORMATION.


C51 COMPILATION COMPLETE.  0 WARNING(S),  0 ERROR(S)
