C51 COMPILER V9.56.0.0   BUZZ                                                              06/14/2017 11:24:15 PAGE 1   


C51 COMPILER V9.56.0.0, COMPILATION OF MODULE BUZZ
OBJECT MODULE PLACED IN .\Objects\buzz.obj
COMPILER INVOKED BY: C:\Keil_v5\C51\BIN\C51.EXE buzz.c OPTIMIZE(8,SPEED) BROWSE DEBUG OBJECTEXTEND PRINT(.\Listings\buzz
                    -.lst) TABS(2) OBJECT(.\Objects\buzz.obj)

line level    source

   1          #include<reg51.h>
   2          sbit led1=P3^2;
   3          sbit led2=P3^3;
   4          sbit buzzer=P3^4;
   5          sbit sensor=P3^1;
   6          
   7          void main(){
   8   1        sensor=1; 
   9   1        while(1){
  10   2          if(sensor){
  11   3            led1=0; 
  12   3            led2=0;
  13   3            buzzer=1;
  14   3          }
  15   2          else{
  16   3            led1=1;
  17   3            led2=1;
  18   3            buzzer=0;
  19   3          }
  20   2        
  21   2        }
  22   1      }


MODULE INFORMATION:   STATIC OVERLAYABLE
   CODE SIZE        =     21    ----
   CONSTANT SIZE    =   ----    ----
   XDATA SIZE       =   ----    ----
   PDATA SIZE       =   ----    ----
   DATA SIZE        =   ----    ----
   IDATA SIZE       =   ----    ----
   BIT SIZE         =   ----    ----
END OF MODULE INFORMATION.


C51 COMPILATION COMPLETE.  0 WARNING(S),  0 ERROR(S)
