C51 COMPILER V9.56.0.0   SEVEN                                                             06/17/2017 13:12:10 PAGE 1   


C51 COMPILER V9.56.0.0, COMPILATION OF MODULE SEVEN
OBJECT MODULE PLACED IN .\Objects\seven.obj
COMPILER INVOKED BY: C:\Keil_v5\C51\BIN\C51.EXE seven.c OPTIMIZE(8,SPEED) BROWSE DEBUG OBJECTEXTEND PRINT(.\Listings\sev
                    -en.lst) TABS(2) OBJECT(.\Objects\seven.obj)

line level    source

   1          #include<reg51.h>
   2          void delay();
   3          
   4          unsigned int i;
   5          
   6          void main(void)
   7          {
   8   1        while(1){
   9   2        P1=0x67;
  10   2        delay();
  11   2        P1=0x78;
  12   2        delay();
  13   2        P1=0x07;
  14   2        delay();
  15   2        P1=0x7D;
  16   2        delay();
  17   2        P1=0x6D;
  18   2        delay();
  19   2        P1=0x66;
  20   2        delay();
  21   2        P1=0x4F;
  22   2        delay();
  23   2        P1=0x5B;
  24   2        delay();
  25   2        P1=0x06;
  26   2        delay();
  27   2        P1=0x3F;
  28   2        delay();
  29   2        }
  30   1      }
  31          
  32          void delay(){
  33   1        for(i=0;i<400;i++);
  34   1      }


MODULE INFORMATION:   STATIC OVERLAYABLE
   CODE SIZE        =     84    ----
   CONSTANT SIZE    =   ----    ----
   XDATA SIZE       =   ----    ----
   PDATA SIZE       =   ----    ----
   DATA SIZE        =      2    ----
   IDATA SIZE       =   ----    ----
   BIT SIZE         =   ----    ----
END OF MODULE INFORMATION.


C51 COMPILATION COMPLETE.  0 WARNING(S),  0 ERROR(S)
