C51 COMPILER V9.56.0.0   TIMER                                                             06/14/2017 11:37:44 PAGE 1   


C51 COMPILER V9.56.0.0, COMPILATION OF MODULE TIMER
OBJECT MODULE PLACED IN .\Objects\timer.obj
COMPILER INVOKED BY: C:\Keil_v5\C51\BIN\C51.EXE timer.c OPTIMIZE(8,SPEED) BROWSE DEBUG OBJECTEXTEND PRINT(.\Listings\tim
                    -er.lst) TABS(2) OBJECT(.\Objects\timer.obj)

line level    source

   1          #include<reg51.h>
   2          sbit led1=P3^2;
   3          sbit led2=P3^3;
   4          void delay();
   5          
   6          void main(void){  
   7   1        led1=0;
   8   1        led2=1;
   9   1        while(1){
  10   2          led1=0;
  11   2          led2=1;
  12   2          delay();
  13   2          led1=1;
  14   2          led2=0;
  15   2          delay();
  16   2        }
  17   1        
  18   1      
  19   1      }
  20          
  21          
  22          void delay(void){
  23   1        TMOD=0x11;
  24   1        TH0=00;
  25   1        TL0=00;
  26   1        TR0=1;
  27   1        while(TF0==00);
  28   1        TR0=0;
  29   1        TF0=0;
  30   1      }


MODULE INFORMATION:   STATIC OVERLAYABLE
   CODE SIZE        =     38    ----
   CONSTANT SIZE    =   ----    ----
   XDATA SIZE       =   ----    ----
   PDATA SIZE       =   ----    ----
   DATA SIZE        =   ----    ----
   IDATA SIZE       =   ----    ----
   BIT SIZE         =   ----    ----
END OF MODULE INFORMATION.


C51 COMPILATION COMPLETE.  0 WARNING(S),  0 ERROR(S)
