C51 COMPILER V9.56.0.0   TRAFFIC                                                           06/14/2017 14:41:23 PAGE 1   


C51 COMPILER V9.56.0.0, COMPILATION OF MODULE TRAFFIC
OBJECT MODULE PLACED IN .\Objects\traffic.obj
COMPILER INVOKED BY: C:\Keil_v5\C51\BIN\C51.EXE traffic.c OPTIMIZE(8,SPEED) BROWSE DEBUG OBJECTEXTEND PRINT(.\Listings\t
                    -raffic.lst) TABS(2) OBJECT(.\Objects\traffic.obj)

line level    source

   1          #include<reg51.h>
   2          sbit led1=P3^2;
   3          sbit led2=P1^0;
   4          sbit led3=P1^1;
   5          
   6          void delay();
   7          
   8          void main(){
   9   1        int i;
  10   1        led1=0;
  11   1        led2=1;
  12   1        led3=1;
  13   1        while(1){
  14   2          led1=0;
  15   2          led2=1;
  16   2          led3=1;
  17   2          delay();
  18   2          for(i=0;i<20000;i++);
  19   2          led1=1;
  20   2          led2=0;
  21   2          led3=1;
  22   2          delay();
  23   2          for(i=0;i<20000;i++);
  24   2          led1=1;
  25   2          led2=1;
  26   2          led3=0;
  27   2          delay();
  28   2          for(i=0;i<20000;i++);
  29   2        
  30   2        }
  31   1      }
  32          
  33          
  34          
  35          
  36          
  37          void delay(void){
  38   1        TMOD=0x11;
  39   1        TH0=00;
  40   1        TL0=00;
  41   1        TR0=1;
  42   1        while(TF0==00);
  43   1        TR0=0;
  44   1        TF0=0;
  45   1      }


MODULE INFORMATION:   STATIC OVERLAYABLE
   CODE SIZE        =    100    ----
   CONSTANT SIZE    =   ----    ----
   XDATA SIZE       =   ----    ----
   PDATA SIZE       =   ----    ----
   DATA SIZE        =   ----    ----
   IDATA SIZE       =   ----    ----
C51 COMPILER V9.56.0.0   TRAFFIC                                                           06/14/2017 14:41:23 PAGE 2   

   BIT SIZE         =   ----    ----
END OF MODULE INFORMATION.


C51 COMPILATION COMPLETE.  0 WARNING(S),  0 ERROR(S)
