C51 COMPILER V9.56.0.0   ULTRASONIC1                                                       06/19/2017 10:43:37 PAGE 1   


C51 COMPILER V9.56.0.0, COMPILATION OF MODULE ULTRASONIC1
OBJECT MODULE PLACED IN .\Objects\ultrasonic1.obj
COMPILER INVOKED BY: C:\Keil_v5\C51\BIN\C51.EXE ultrasonic1.c OPTIMIZE(8,SPEED) BROWSE DEBUG OBJECTEXTEND PRINT(.\Listin
                    -gs\ultrasonic1.lst) TABS(2) OBJECT(.\Objects\ultrasonic1.obj)

line level    source

   1          #include<REG51.h>
   2          sbit trig=P0^5;
   3          sbit led=P3^3;
   4          
   5          void main(){
   6   1        unsigned int target_range=0,timer_val;
   7   1        P3|=0x04;   //P3.2 as INPUT
   8   1        while(1){
   9   2          TMOD=0x0l;
  10   2          TH0=0xFF;TL0=0xF5;
  11   2          trig=1;
  12   2          TR0=1;
  13   2          while(!TF0);
  14   2          TR0=0;
  15   2          TF0=0;
  16   2          TMOD=0x09;    //timer0 in 16 bit mode with gate enable
  17   2          TH0=0x00; TL0=0x00;
  18   2          TR0=1;    //timer0 run enabled
  19   2          trig=0;
  20   2          while(!INT0);
  21   2          while (INT0);
  22   2          TR0=0;
  23   2          timer_val=TH0<<8|TL0;
  24   2          if(timer_val<35000)
  25   2            target_range=timer_val*0.01860775;
  26   2          else
  27   2            target_range=0; // indicates that there is no obstacle in front of the sensor
  28   2          
  29   2          if (target_range<10)
  30   2            led=0;
  31   2          else
  32   2            led=1;
  33   2        }
  34   1      }


MODULE INFORMATION:   STATIC OVERLAYABLE
   CODE SIZE        =    126    ----
   CONSTANT SIZE    =   ----    ----
   XDATA SIZE       =   ----    ----
   PDATA SIZE       =   ----    ----
   DATA SIZE        =   ----       2
   IDATA SIZE       =   ----    ----
   BIT SIZE         =   ----    ----
END OF MODULE INFORMATION.


C51 COMPILATION COMPLETE.  0 WARNING(S),  0 ERROR(S)
