C51 COMPILER V9.56.0.0   P6                                                                06/07/2017 11:00:00 PAGE 1   


C51 COMPILER V9.56.0.0, COMPILATION OF MODULE P6
OBJECT MODULE PLACED IN .\Objects\P6.obj
COMPILER INVOKED BY: C:\Keil_v5\C51\BIN\C51.EXE P6.c OPTIMIZE(8,SPEED) BROWSE DEBUG OBJECTEXTEND PRINT(.\Listings\P6.lst
                    -) TABS(2) OBJECT(.\Objects\P6.obj)

line level    source

   1          //to demonstrate arrays by observing status of LEDs
   2          #include<reg51.h>  //include library to use registers defined in it
   3          int a[5], b[2][3]; //a[] is a single dimensional array and b[][] is a multi dimensional array
   4          int i,j,k; 
   5          void delay(unsigned int i);  //prototype of delay function
   6          void main()  //main() starts
   7          {
   8   1      for(i=0;i<5;i++)
   9   1      a[i]=i;           //assigning values to array
  10   1      for(j=0;j<2;j++)
  11   1      {
  12   2        for(k=0;k<3;k++)
  13   2        {
  14   3          b[j][k]=j*k;  //assigning values to array
  15   3        }
  16   2      }
  17   1      for(i=0;i<5;i++)
  18   1      {
  19   2        P3=61;  //both LEDs OFF
  20   2        delay(75);  //calling delay() function with input 75
  21   2        P3=a[i];  //assigning values to port 3
  22   2        delay(150);  //calling delay() function with input 150 
  23   2      }
  24   1      for(j=0;j<2;j++)
  25   1      {
  26   2        for(k=0;k<3;k++)
  27   2        {
  28   3          P3=61;
  29   3          delay(75);
  30   3          P3=b[j][k];  //assigning values to port 3
  31   3          delay(150);
  32   3        }
  33   2      }
  34   1      }
  35          //definition of delay function
  36          void delay(unsigned int i)
  37          {
  38   1        unsigned int j,k;
  39   1        for(j=0;j<=i;j++)
  40   1        for(k=0;k<=7500;k++);
  41   1      }


MODULE INFORMATION:   STATIC OVERLAYABLE
   CODE SIZE        =    259    ----
   CONSTANT SIZE    =   ----    ----
   XDATA SIZE       =   ----    ----
   PDATA SIZE       =   ----    ----
   DATA SIZE        =     28    ----
   IDATA SIZE       =   ----    ----
   BIT SIZE         =   ----    ----
END OF MODULE INFORMATION.


C51 COMPILATION COMPLETE.  0 WARNING(S),  0 ERROR(S)
