C51 COMPILER V9.56.0.0   P8                                                                06/10/2017 14:13:42 PAGE 1   


C51 COMPILER V9.56.0.0, COMPILATION OF MODULE P8
OBJECT MODULE PLACED IN .\Objects\P8.obj
COMPILER INVOKED BY: C:\Keil_v5\C51\BIN\C51.EXE P8.c OPTIMIZE(8,SPEED) BROWSE DEBUG OBJECTEXTEND PRINT(.\Listings\P8.lst
                    -) TABS(2) OBJECT(.\Objects\P8.obj)

line level    source

   1          //interfacing sensors
   2          #include<reg51.h>  //include library to use registers defined in it
   3          sbit sensor=P3^5;  //sensor is connected to pin 5 of port 3
   4          sbit LED1=P3^2;  //
   5          sbit LED2=P3^3;
   6          sbit buzzer=P3^7;  //buzzer is connected to pin 7 of port 3
   7          void main()
   8          {
   9   1        if(sensor)   //if change is sensed
  10   1        {
  11   2        LED1=0;  //ON
  12   2        LED2=0;  //ON
  13   2        buzzer=0;   //buzzer sounds
  14   2        }
  15   1        else 
  16   1        {
  17   2          LED1=1;  //OFF
  18   2          LED2=1;  //OFF
  19   2          buzzer=1;  //buzzer off
  20   2        }
  21   1      }


MODULE INFORMATION:   STATIC OVERLAYABLE
   CODE SIZE        =     17    ----
   CONSTANT SIZE    =   ----    ----
   XDATA SIZE       =   ----    ----
   PDATA SIZE       =   ----    ----
   DATA SIZE        =   ----    ----
   IDATA SIZE       =   ----    ----
   BIT SIZE         =   ----    ----
END OF MODULE INFORMATION.


C51 COMPILATION COMPLETE.  0 WARNING(S),  0 ERROR(S)
