C51 COMPILER V9.56.0.0   P4                                                                06/05/2017 14:42:15 PAGE 1   


C51 COMPILER V9.56.0.0, COMPILATION OF MODULE P4
OBJECT MODULE PLACED IN .\Objects\P4.obj
COMPILER INVOKED BY: C:\Keil_v5\C51\BIN\C51.EXE P4.c OPTIMIZE(8,SPEED) BROWSE DEBUG OBJECTEXTEND PRINT(.\Listings\P4.lst
                    -) TABS(2) OBJECT(.\Objects\P4.obj)

line level    source

   1          //to explore control structures in embedded c (or c)
   2          #include<reg51.h>  //library included so as to use registers defined in it
   3          int a,b; //integer data type
   4          void delay( unsigned int i);  //prototype of delay function
   5          void main()  //main function starts here
   6          {
   7   1        //for loop
   8   1        for(a=0;a<=5;a++)
   9   1        {
  10   2          P3=61;  //both LEDs on port 3 are OFF
  11   2          delay(75);  //calling the delay function with input 75
  12   2          P3=a;  //assigning number to the port 
  13   2          delay(150);  //calling the delay function with input 150
  14   2        }
  15   1        //while loop
  16   1        a=0;
  17   1        while(a<=5)     //till a is less than or equal to 5
  18   1        {
  19   2          P3=61;
  20   2          delay(75);
  21   2          P3=a;
  22   2          delay(150);
  23   2          a++;  //incrementing value of a by 1
  24   2        }
  25   1        //switch 
  26   1        for(b=0;b<=3;b++)   //for loop for different cases 
  27   1        {
  28   2          switch(b)
  29   2          {
  30   3            case 0: 
  31   3            {
  32   4              P3=61;
  33   4              delay(75);
  34   4              P3=b;
  35   4              delay(150);
  36   4            }
  37   3            case 1: 
  38   3            {
  39   4              P3=61;
  40   4              delay(75);
  41   4              P3=b;
  42   4              delay(150);
  43   4            }
  44   3            case 2: 
  45   3            {
  46   4              P3=61;
  47   4              delay(75);
  48   4              P3=b;
  49   4              delay(150);
  50   4            }
  51   3            case 3: 
  52   3            {
  53   4              P3=61;
  54   4              delay(75);
C51 COMPILER V9.56.0.0   P4                                                                06/05/2017 14:42:15 PAGE 2   

  55   4              P3=b;
  56   4              delay(150);
  57   4            }
  58   3            default: P3=0;
  59   3         }
  60   2       }
  61   1      //IF-ELSE
  62   1       for(a=0;a<=1;a++)
  63   1       {
  64   2        if(a==0)
  65   2        {
  66   3          P3=61;
  67   3          delay(75);
  68   3          P3=a;
  69   3          delay(150);
  70   3        }
  71   2        else
  72   2        { 
  73   3          P3=61;
  74   3          delay(75);
  75   3          P3=0; 
  76   3          delay(150);
  77   3        }
  78   2       }
  79   1      }
  80          //definition of delay function
  81          void delay(unsigned int i)
  82          {
  83   1        unsigned int j;
  84   1        unsigned int k;
  85   1        for(j=0;j<=i;j++)   //for loop goes from 0 to number passed to function
  86   1        for(k=0;k<=7500;k++);  //for loop goed from 0 to 7500
  87   1      }
  88            
  89                


MODULE INFORMATION:   STATIC OVERLAYABLE
   CODE SIZE        =    272    ----
   CONSTANT SIZE    =   ----    ----
   XDATA SIZE       =   ----    ----
   PDATA SIZE       =   ----    ----
   DATA SIZE        =      4    ----
   IDATA SIZE       =   ----    ----
   BIT SIZE         =   ----    ----
END OF MODULE INFORMATION.


C51 COMPILATION COMPLETE.  0 WARNING(S),  0 ERROR(S)
